1625366286851	geckodriver	INFO	Listening on 127.0.0.1:49805
1625366287854	mozrunner::runner	INFO	Running command: "/usr/bin/firefox" "--marionette" "-foreground" "-no-remote" "-profile" "/tmp/rust_mozprofilewvw5jV"
1625366288894	Marionette	INFO	Marionette enabled
console.warn: SearchSettings: "get: No settings file exists, new profile?" (new NotFoundError("Could not open the file at /tmp/rust_mozprofilewvw5jV/search.json.mozlz4", (void 0)))
1625366291009	Marionette	INFO	Listening on port 45387
1625366291090	Marionette	WARN	TLS certificate errors will be ignored for this session
1625366417631	geckodriver	INFO	Listening on 127.0.0.1:51827
1625366417635	mozrunner::runner	INFO	Running command: "/usr/bin/firefox" "--marionette" "-foreground" "-no-remote" "-profile" "/tmp/rust_mozprofile4vn7cj"
1625366418096	Marionette	INFO	Marionette enabled
console.warn: SearchSettings: "get: No settings file exists, new profile?" (new NotFoundError("Could not open the file at /tmp/rust_mozprofile4vn7cj/search.json.mozlz4", (void 0)))
1625366419647	Marionette	INFO	Listening on port 33339
1625366419756	Marionette	WARN	TLS certificate errors will be ignored for this session
1625366426324	Marionette	INFO	Stopped listening on port 33339
console.log: WebExtensions: reset-default-search: starting.
console.log: WebExtensions: reset-default-search: No addons in our list are installed.
1625366705806	geckodriver	INFO	Listening on 127.0.0.1:44509
1625366705810	mozrunner::runner	INFO	Running command: "/usr/bin/firefox" "--marionette" "-foreground" "-no-remote" "-profile" "/tmp/rust_mozprofileOJ34PT"
1625366706321	Marionette	INFO	Marionette enabled
console.warn: SearchSettings: "get: No settings file exists, new profile?" (new NotFoundError("Could not open the file at /tmp/rust_mozprofileOJ34PT/search.json.mozlz4", (void 0)))
1625366708167	Marionette	INFO	Listening on port 41359
1625366708235	Marionette	WARN	TLS certificate errors will be ignored for this session
console.warn: services.settings: main/whats-new-panel sync interrupted by shutdown
1625366710473	Marionette	INFO	Stopped listening on port 41359
1625367083332	Marionette	INFO	Stopped listening on port 45387

###!!! [Parent][RunMessage] Error: Channel closing: too late to send/recv, messages will be lost

1625367106241	geckodriver	INFO	Listening on 127.0.0.1:51325
1625367106245	mozrunner::runner	INFO	Running command: "/usr/bin/firefox" "--marionette" "-foreground" "-no-remote" "-profile" "/tmp/rust_mozprofileKBR3H5"
1625367106754	Marionette	INFO	Marionette enabled
console.warn: SearchSettings: "get: No settings file exists, new profile?" (new NotFoundError("Could not open the file at /tmp/rust_mozprofileKBR3H5/search.json.mozlz4", (void 0)))
1625367108571	Marionette	INFO	Listening on port 36155
1625367108670	Marionette	WARN	TLS certificate errors will be ignored for this session
console.error: services.settings: 
  main/whats-new-panel Signature failed  TypeError: NetworkError when attempting to fetch resource.
1625367111256	Marionette	INFO	Stopped listening on port 36155
1625483259592	geckodriver	INFO	Listening on 127.0.0.1:59251
1625483260603	mozrunner::runner	INFO	Running command: "/usr/bin/firefox" "--marionette" "-foreground" "-no-remote" "-profile" "/tmp/rust_mozprofile9rvRqP"
1625483261746	Marionette	INFO	Marionette enabled
console.warn: SearchSettings: "get: No settings file exists, new profile?" (new NotFoundError("Could not open the file at /tmp/rust_mozprofile9rvRqP/search.json.mozlz4", (void 0)))
1625483264021	Marionette	INFO	Listening on port 42275
1625483264054	Marionette	WARN	TLS certificate errors will be ignored for this session
1625483266266	Marionette	INFO	Stopped listening on port 42275
